🚀 APEX NEXUS V2.0 - PRODUCTION SYSTEM
================================================================================
Loading God-Level AI...
Loading Protection Layer...
Loading Coordination...
Loading Features...
✅ ALL SYSTEMS INITIALIZED

Starting autonomous trading cycle...


================================================================================
CYCLE #1 - 05:31:51
================================================================================
Market: RANGING
📊 Best signal: ETH/USDT DOWN (95%)
📊 SELL signal but no position - monitoring
✅ Cycle complete

================================================================================
CYCLE #2 - 05:32:56
================================================================================
Market: RANGING
📊 Best signal: ETH/USDT DOWN (95%)
✅ Cycle complete
