🚀 APEX NEXUS V2.0 - PRODUCTION SYSTEM
================================================================================
Loading God-Level AI...
Loading Protection Layer...
Loading Coordination...
Loading Features...
✅ ALL SYSTEMS INITIALIZED

Starting autonomous trading cycle...


================================================================================
CYCLE #1 - 05:36:40
================================================================================
Market: RANGING
✅ Cycle complete

================================================================================
CYCLE #2 - 05:37:44
================================================================================
Market: RANGING
✅ Cycle complete

================================================================================
CYCLE #3 - 05:38:46
================================================================================
Market: RANGING
✅ Cycle complete

================================================================================
CYCLE #4 - 05:39:48
================================================================================
Market: RANGING
✅ Cycle complete

================================================================================
CYCLE #5 - 05:40:49
================================================================================
Market: RANGING
✅ Cycle complete

================================================================================
CYCLE #6 - 05:41:51
================================================================================
Market: RANGING
✅ Cycle complete

================================================================================
CYCLE #7 - 05:42:53
================================================================================
Market: RANGING
✅ Cycle complete

================================================================================
CYCLE #8 - 05:43:55
================================================================================
Market: RANGING
✅ Cycle complete

================================================================================
CYCLE #9 - 05:44:57
================================================================================
Market: RANGING
✅ Cycle complete

================================================================================
CYCLE #10 - 05:45:58
================================================================================
Market: RANGING
✅ Cycle complete

================================================================================
CYCLE #11 - 05:47:00
================================================================================
Market: RANGING
✅ Cycle complete

================================================================================
CYCLE #12 - 05:48:02
================================================================================
Market: RANGING
✅ Cycle complete

================================================================================
CYCLE #13 - 05:49:04
================================================================================
Market: RANGING
✅ Cycle complete

================================================================================
CYCLE #14 - 05:50:06
================================================================================
Market: RANGING
✅ Cycle complete

================================================================================
CYCLE #15 - 05:51:08
================================================================================
Market: RANGING
✅ Cycle complete

================================================================================
CYCLE #16 - 12:21:37
================================================================================
❌ GOD BOT market analysis error: cryptocom GET https://api.crypto.com/exchange/v1/public/get-tickers?instrument_name=ETH_USDT
Market: UNKNOWN
❌ Crash detection error: cryptocom GET https://api.crypto.com/exchange/v1/public/get-candlestick?instrument_name=BTC_USDT&timeframe=5m&count=12&end_ts=1760790107694590
❌ Oracle AI prediction error: cryptocom GET https://api.crypto.com/exchange/v1/public/get-candlestick?instrument_name=ETH_USDT&timeframe=1h&count=100&end_ts=1760790117711697
✅ Cycle complete
