2025-10-21 01:22:17,992 - ATLAS_COMPLIANCE - ERROR - File compliance analysis failed for apex_nexus_v2.py: Loop bound exceeded
2025-10-21 01:22:18,001 - ATLAS_COMPLIANCE - ERROR - File compliance analysis failed for apex_master_controller.py: Loop bound exceeded
2025-10-21 01:22:18,019 - ATLAS_COMPLIANCE - ERROR - File compliance analysis failed for security/autonomous_monitor.py: Loop bound exceeded
2025-10-21 01:22:18,030 - ATLAS_COMPLIANCE - ERROR - File compliance analysis failed for security/config_healer.py: Loop bound exceeded
2025-10-21 01:22:18,041 - ATLAS_COMPLIANCE - ERROR - File compliance analysis failed for security/performance_optimizer.py: Loop bound exceeded
2025-10-21 01:22:18,049 - ATLAS_COMPLIANCE - ERROR - File compliance analysis failed for security/system_dashboard.py: Loop bound exceeded
2025-10-21 01:22:18,059 - ATLAS_COMPLIANCE - ERROR - File compliance analysis failed for security/red_ai_simulation.py: Loop bound exceeded
2025-10-21 01:22:18,070 - ATLAS_COMPLIANCE - ERROR - File compliance analysis failed for security/iron_crucible.py: Loop bound exceeded
2025-10-21 01:22:18,082 - ATLAS_COMPLIANCE - ERROR - File compliance analysis failed for security/eagle_eye_monitor.py: Loop bound exceeded
2025-10-21 01:22:18,091 - ATLAS_COMPLIANCE - ERROR - File compliance analysis failed for security/genesis_file.py: Loop bound exceeded
2025-10-21 01:22:18,102 - ATLAS_COMPLIANCE - ERROR - File compliance analysis failed for security/advanced_credential_manager.py: Loop bound exceeded
2025-10-21 01:22:18,112 - ATLAS_COMPLIANCE - ERROR - File compliance analysis failed for security/architecture_enhancement_engine.py: Loop bound exceeded
2025-10-21 01:22:18,123 - ATLAS_COMPLIANCE - ERROR - File compliance analysis failed for security/cryptographic_security_hardener.py: Loop bound exceeded
2025-10-21 01:22:18,136 - ATLAS_COMPLIANCE - ERROR - File compliance analysis failed for security/code_quality_enhancement_engine.py: Loop bound exceeded
2025-10-21 01:23:25,591 - ATLAS_COMPLIANCE - ERROR - File compliance analysis failed for apex_nexus_v2.py: Loop bound exceeded
2025-10-21 01:23:25,600 - ATLAS_COMPLIANCE - ERROR - File compliance analysis failed for apex_master_controller.py: Loop bound exceeded
2025-10-21 01:23:25,618 - ATLAS_COMPLIANCE - ERROR - File compliance analysis failed for security/autonomous_monitor.py: Loop bound exceeded
2025-10-21 01:23:25,629 - ATLAS_COMPLIANCE - ERROR - File compliance analysis failed for security/config_healer.py: Loop bound exceeded
2025-10-21 01:23:25,640 - ATLAS_COMPLIANCE - ERROR - File compliance analysis failed for security/performance_optimizer.py: Loop bound exceeded
2025-10-21 01:23:25,649 - ATLAS_COMPLIANCE - ERROR - File compliance analysis failed for security/system_dashboard.py: Loop bound exceeded
2025-10-21 01:23:25,658 - ATLAS_COMPLIANCE - ERROR - File compliance analysis failed for security/red_ai_simulation.py: Loop bound exceeded
2025-10-21 01:23:25,670 - ATLAS_COMPLIANCE - ERROR - File compliance analysis failed for security/iron_crucible.py: Loop bound exceeded
2025-10-21 01:23:25,681 - ATLAS_COMPLIANCE - ERROR - File compliance analysis failed for security/eagle_eye_monitor.py: Loop bound exceeded
2025-10-21 01:23:25,691 - ATLAS_COMPLIANCE - ERROR - File compliance analysis failed for security/genesis_file.py: Loop bound exceeded
2025-10-21 01:23:25,700 - ATLAS_COMPLIANCE - ERROR - File compliance analysis failed for security/advanced_credential_manager.py: Loop bound exceeded
2025-10-21 01:23:25,711 - ATLAS_COMPLIANCE - ERROR - File compliance analysis failed for security/architecture_enhancement_engine.py: Loop bound exceeded
2025-10-21 01:23:25,721 - ATLAS_COMPLIANCE - ERROR - File compliance analysis failed for security/cryptographic_security_hardener.py: Loop bound exceeded
2025-10-21 01:23:25,734 - ATLAS_COMPLIANCE - ERROR - File compliance analysis failed for security/code_quality_enhancement_engine.py: Loop bound exceeded
